c:\users\antoniy\source\repos\tracer\tracer\debug\vc141.pdb
c:\users\antoniy\source\repos\tracer\tracer\debug\vc141.idb
c:\users\antoniy\source\repos\tracer\tracer\debug\working_3.obj
c:\users\antoniy\source\repos\tracer\tracer\debug\working_2.obj
c:\users\antoniy\source\repos\tracer\tracer\debug\working_1.obj
c:\users\antoniy\source\repos\tracer\tracer\debug\vec3.obj
c:\users\antoniy\source\repos\tracer\tracer\debug\main.obj
i:\windows 10\clonning and shit\rt\tracer\tracer\debug\vc141.pdb
i:\windows 10\clonning and shit\rt\tracer\tracer\debug\vc141.idb
i:\windows 10\clonning and shit\rt\tracer\tracer\debug\vec3.obj
i:\windows 10\clonning and shit\rt\tracer\tracer\debug\main.obj
c:\users\antoniy\source\repos\tracer\debug\tracer.exe
c:\users\antoniy\source\repos\tracer\debug\tracer.ilk
c:\users\antoniy\source\repos\tracer\debug\tracer.pdb
i:\windows 10\clonning and shit\rt\tracer\tracer\debug\working_1.obj
i:\windows 10\clonning and shit\rt\tracer\tracer\debug\working_2.obj
i:\windows 10\clonning and shit\rt\tracer\tracer\debug\working_3.obj
i:\windows 10\clonning and shit\rt\tracer\debug\tracer.pdb
i:\windows 10\clonning and shit\rt\tracer\tracer\debug\tracer.tlog\cl.command.1.tlog
i:\windows 10\clonning and shit\rt\tracer\tracer\debug\tracer.tlog\cl.read.1.tlog
i:\windows 10\clonning and shit\rt\tracer\tracer\debug\tracer.tlog\cl.write.1.tlog
i:\windows 10\clonning and shit\rt\tracer\tracer\debug\tracer.tlog\link-cvtres.read.1.tlog
i:\windows 10\clonning and shit\rt\tracer\tracer\debug\tracer.tlog\link-cvtres.write.1.tlog
i:\windows 10\clonning and shit\rt\tracer\tracer\debug\tracer.tlog\link-rc.read.1.tlog
i:\windows 10\clonning and shit\rt\tracer\tracer\debug\tracer.tlog\link-rc.write.1.tlog
i:\windows 10\clonning and shit\rt\tracer\tracer\debug\tracer.tlog\link.20936-cvtres.read.1.tlog
i:\windows 10\clonning and shit\rt\tracer\tracer\debug\tracer.tlog\link.20936-cvtres.write.1.tlog
i:\windows 10\clonning and shit\rt\tracer\tracer\debug\tracer.tlog\link.20936-rc.read.1.tlog
i:\windows 10\clonning and shit\rt\tracer\tracer\debug\tracer.tlog\link.20936-rc.write.1.tlog
i:\windows 10\clonning and shit\rt\tracer\tracer\debug\tracer.tlog\link.20936.read.1.tlog
i:\windows 10\clonning and shit\rt\tracer\tracer\debug\tracer.tlog\link.20936.write.1.tlog
i:\windows 10\clonning and shit\rt\tracer\tracer\debug\tracer.tlog\link.command.1.tlog
i:\windows 10\clonning and shit\rt\tracer\tracer\debug\tracer.tlog\link.read.1.tlog
i:\windows 10\clonning and shit\rt\tracer\tracer\debug\tracer.tlog\link.write.1.tlog
